<?xml version="1.0" encoding="UTF-8"?>
<!-- Generated by org.testng.reporters.JUnitReportReporter -->
<testsuite hostname="W10x64" name="scripts.Scenario4" tests="6" failures="0" timestamp="1 Oct 2021 07:25:39 GMT" time="7.932" errors="0">
  <testcase name="Scenario4_step4" time="3.178" classname="scripts.Scenario4"/>
  <testcase name="Scenario4_step5" time="0.147" classname="scripts.Scenario4"/>
  <testcase name="Scenario4_step2" time="2.699" classname="scripts.Scenario4"/>
  <testcase name="Scenario4_step6" time="0.213" classname="scripts.Scenario4"/>
  <testcase name="Scenario4_step3" time="0.016" classname="scripts.Scenario4"/>
  <testcase name="Scenario4_step1" time="1.679" classname="scripts.Scenario4"/>
</testsuite> <!-- scripts.Scenario4 -->
