<?xml version="1.0" encoding="UTF-8"?>
<!-- Generated by org.testng.reporters.JUnitReportReporter -->
<testsuite hostname="W10x64" name="scripts.Scenario2" tests="3" failures="0" timestamp="1 Oct 2021 07:25:39 GMT" time="4.301" errors="0">
  <testcase name="Scenario2_step3" time="0.018" classname="scripts.Scenario2"/>
  <testcase name="Scenario2_step1" time="1.602" classname="scripts.Scenario2"/>
  <testcase name="Scenario2_step2" time="2.681" classname="scripts.Scenario2"/>
</testsuite> <!-- scripts.Scenario2 -->
