<?xml version="1.0" encoding="UTF-8"?>
<!-- Generated by org.testng.reporters.JUnitReportReporter -->
<testsuite hostname="W10x64" name="scripts.Scenario1" tests="6" failures="0" timestamp="1 Oct 2021 07:25:39 GMT" time="11.035" errors="0">
  <testcase name="Scenario1_step1" time="1.818" classname="scripts.Scenario1"/>
  <testcase name="Scenario1_step6" time="0.025" classname="scripts.Scenario1"/>
  <testcase name="Scenario1_step3" time="1.357" classname="scripts.Scenario1"/>
  <testcase name="Scenario1_step4" time="0.040" classname="scripts.Scenario1"/>
  <testcase name="Scenario1_step5" time="4.148" classname="scripts.Scenario1"/>
  <testcase name="Scenario1_step2" time="3.647" classname="scripts.Scenario1"/>
</testsuite> <!-- scripts.Scenario1 -->
