<?xml version="1.0" encoding="UTF-8"?>
<!-- Generated by org.testng.reporters.JUnitReportReporter -->
<testsuite hostname="W10x64" name="scripts.Scenario1" tests="6" failures="0" timestamp="1 Oct 2021 14:50:01 GMT" time="14.460" errors="0">
  <testcase name="Scenario1_step5" time="4.752" classname="scripts.Scenario1"/>
  <testcase name="Scenario1_step6" time="0.014" classname="scripts.Scenario1"/>
  <testcase name="Scenario1_step4" time="0.023" classname="scripts.Scenario1"/>
  <testcase name="Scenario1_step2" time="4.026" classname="scripts.Scenario1"/>
  <testcase name="Scenario1_step1" time="4.020" classname="scripts.Scenario1"/>
  <testcase name="Scenario1_step3" time="1.625" classname="scripts.Scenario1"/>
</testsuite> <!-- scripts.Scenario1 -->
