<?xml version="1.0" encoding="UTF-8"?>
<!-- Generated by org.testng.reporters.JUnitReportReporter -->
<testsuite hostname="W10x64" name="scripts.Scenario2" tests="3" failures="0" timestamp="1 Oct 2021 13:39:50 GMT" time="5.427" errors="0">
  <testcase name="Scenario2_step1" time="2.159" classname="scripts.Scenario2"/>
  <testcase name="Scenario2_step2" time="3.249" classname="scripts.Scenario2"/>
  <testcase name="Scenario2_step3" time="0.019" classname="scripts.Scenario2"/>
</testsuite> <!-- scripts.Scenario2 -->
