<?xml version="1.0" encoding="UTF-8"?>
<!-- Generated by org.testng.reporters.JUnitReportReporter -->
<testsuite hostname="W10x64" name="scripts.Scenario1" tests="6" failures="0" timestamp="1 Oct 2021 13:39:50 GMT" time="15.512" errors="0">
  <testcase name="Scenario1_step5" time="5.166" classname="scripts.Scenario1"/>
  <testcase name="Scenario1_step6" time="0.018" classname="scripts.Scenario1"/>
  <testcase name="Scenario1_step4" time="0.019" classname="scripts.Scenario1"/>
  <testcase name="Scenario1_step2" time="5.021" classname="scripts.Scenario1"/>
  <testcase name="Scenario1_step1" time="3.583" classname="scripts.Scenario1"/>
  <testcase name="Scenario1_step3" time="1.705" classname="scripts.Scenario1"/>
</testsuite> <!-- scripts.Scenario1 -->
