<?xml version="1.0" encoding="UTF-8"?>
<!-- Generated by org.testng.reporters.JUnitReportReporter -->
<testsuite hostname="W10x64" name="scripts.Scenario4" tests="6" failures="0" timestamp="1 Oct 2021 14:50:01 GMT" time="11.446" errors="0">
  <testcase name="Scenario4_step4" time="4.915" classname="scripts.Scenario4"/>
  <testcase name="Scenario4_step2" time="3.598" classname="scripts.Scenario4"/>
  <testcase name="Scenario4_step1" time="2.651" classname="scripts.Scenario4"/>
  <testcase name="Scenario4_step3" time="0.014" classname="scripts.Scenario4"/>
  <testcase name="Scenario4_step5" time="0.158" classname="scripts.Scenario4"/>
  <testcase name="Scenario4_step6" time="0.110" classname="scripts.Scenario4"/>
</testsuite> <!-- scripts.Scenario4 -->
