<?xml version="1.0" encoding="UTF-8"?>
<!-- Generated by org.testng.reporters.JUnitReportReporter -->
<testsuite hostname="W10x64" name="scripts.Scenario2" tests="3" failures="0" timestamp="2 Oct 2021 03:07:21 GMT" time="4.422" errors="0">
  <testcase name="Scenario2_step1" time="1.603" classname="scripts.Scenario2"/>
  <testcase name="Scenario2_step2" time="2.803" classname="scripts.Scenario2"/>
  <testcase name="Scenario2_step3" time="0.016" classname="scripts.Scenario2"/>
</testsuite> <!-- scripts.Scenario2 -->
