<?xml version="1.0" encoding="UTF-8"?>
<!-- Generated by org.testng.reporters.JUnitReportReporter -->
<testsuite hostname="W10x64" name="scripts.Scenario4" tests="6" failures="0" timestamp="2 Oct 2021 03:07:21 GMT" time="8.168" errors="0">
  <testcase name="Scenario4_step4" time="2.978" classname="scripts.Scenario4"/>
  <testcase name="Scenario4_step2" time="3.063" classname="scripts.Scenario4"/>
  <testcase name="Scenario4_step1" time="1.810" classname="scripts.Scenario4"/>
  <testcase name="Scenario4_step3" time="0.016" classname="scripts.Scenario4"/>
  <testcase name="Scenario4_step5" time="0.158" classname="scripts.Scenario4"/>
  <testcase name="Scenario4_step6" time="0.143" classname="scripts.Scenario4"/>
</testsuite> <!-- scripts.Scenario4 -->
