<?xml version="1.0" encoding="UTF-8"?>
<!-- Generated by org.testng.reporters.JUnitReportReporter -->
<testsuite hostname="W10x64" name="scripts.Scenario3" tests="3" failures="0" timestamp="1 Oct 2021 14:50:01 GMT" time="4.289" errors="0">
  <testcase name="Scenario3_step2" time="2.284" classname="scripts.Scenario3"/>
  <testcase name="Scenario3_step3" time="0.122" classname="scripts.Scenario3"/>
  <testcase name="Scenario3_step1" time="1.883" classname="scripts.Scenario3"/>
</testsuite> <!-- scripts.Scenario3 -->
