<?xml version="1.0" encoding="UTF-8"?>
<!-- Generated by org.testng.reporters.JUnitReportReporter -->
<testsuite hostname="W10x64" name="scripts.Scenario1" tests="6" failures="0" timestamp="2 Oct 2021 03:07:21 GMT" time="11.962" errors="0">
  <testcase name="Scenario1_step5" time="4.304" classname="scripts.Scenario1"/>
  <testcase name="Scenario1_step6" time="0.014" classname="scripts.Scenario1"/>
  <testcase name="Scenario1_step4" time="0.030" classname="scripts.Scenario1"/>
  <testcase name="Scenario1_step2" time="3.801" classname="scripts.Scenario1"/>
  <testcase name="Scenario1_step1" time="2.362" classname="scripts.Scenario1"/>
  <testcase name="Scenario1_step3" time="1.451" classname="scripts.Scenario1"/>
</testsuite> <!-- scripts.Scenario1 -->
